2019-11-05 11:23:20,208 - Velocimacro : initialization complete.
2019-11-05 11:23:20,208 - Velocity successfully started.
2019-11-05 14:19:34,006 - SimpleLog4JLogSystem initialized using logfile 'velocity.log'
2019-11-05 14:19:34,006 - ************************************************************** 
2019-11-05 14:19:34,006 - Starting Jakarta Velocity v1.4
2019-11-05 14:19:34,006 - RuntimeInstance initializing.
2019-11-05 14:19:34,006 - Default Properties File: org\apache\velocity\runtime\defaults\velocity.properties
2019-11-05 14:19:34,006 - Trying to use logger class org.apache.velocity.runtime.log.SimpleLog4JLogSystem
2019-11-05 14:19:34,006 - Using logger class org.apache.velocity.runtime.log.SimpleLog4JLogSystem
2019-11-05 14:19:34,008 - Default ResourceManager initializing. (class org.apache.velocity.runtime.resource.ResourceManagerImpl)
2019-11-05 14:19:34,009 - Resource Loader Instantiated: org.apache.velocity.runtime.resource.loader.ClasspathResourceLoader
2019-11-05 14:19:34,009 - ClasspathResourceLoader : initialization starting.
2019-11-05 14:19:34,009 - ClasspathResourceLoader : initialization complete.
2019-11-05 14:19:34,010 - ResourceCache : initialized. (class org.apache.velocity.runtime.resource.ResourceCacheImpl)
2019-11-05 14:19:34,010 - Default ResourceManager initialization complete.
2019-11-05 14:19:34,011 - Loaded System Directive: org.apache.velocity.runtime.directive.Literal
2019-11-05 14:19:34,012 - Loaded System Directive: org.apache.velocity.runtime.directive.Macro
2019-11-05 14:19:34,013 - Loaded System Directive: org.apache.velocity.runtime.directive.Parse
2019-11-05 14:19:34,014 - Loaded System Directive: org.apache.velocity.runtime.directive.Include
2019-11-05 14:19:34,014 - Loaded System Directive: org.apache.velocity.runtime.directive.Foreach
2019-11-05 14:19:34,033 - Created: 20 parsers.
2019-11-05 14:19:34,036 - Velocimacro : initialization starting.
2019-11-05 14:19:34,036 - Velocimacro : adding VMs from VM library template : VM_global_library.vm
2019-11-05 14:19:34,038 - ResourceManager : unable to find resource 'VM_global_library.vm' in any resource loader.
2019-11-05 14:19:34,038 - Velocimacro : error using  VM library template VM_global_library.vm : org.apache.velocity.exception.ResourceNotFoundException: Unable to find resource 'VM_global_library.vm'
2019-11-05 14:19:34,038 - Velocimacro :  VM library template macro registration complete.
2019-11-05 14:19:34,038 - Velocimacro : allowInline = true : VMs can be defined inline in templates
2019-11-05 14:19:34,038 - Velocimacro : allowInlineToOverride = false : VMs defined inline may NOT replace previous VM definitions
2019-11-05 14:19:34,038 - Velocimacro : allowInlineLocal = false : VMs defined inline will be  global in scope if allowed.
2019-11-05 14:19:34,038 - Velocimacro : messages on  : VM system will output logging messages
2019-11-05 14:19:34,038 - Velocimacro : autoload off  : VM system will not automatically reload global library macros
2019-11-05 14:19:34,038 - Velocimacro : initialization complete.
2019-11-05 14:19:34,038 - Velocity successfully started.
2019-11-23 09:41:19,194 - SimpleLog4JLogSystem initialized using logfile 'velocity.log'
2019-11-23 09:41:19,194 - ************************************************************** 
2019-11-23 09:41:19,194 - Starting Jakarta Velocity v1.4
2019-11-23 09:41:19,194 - RuntimeInstance initializing.
2019-11-23 09:41:19,194 - Default Properties File: org\apache\velocity\runtime\defaults\velocity.properties
2019-11-23 09:41:19,194 - Trying to use logger class org.apache.velocity.runtime.log.SimpleLog4JLogSystem
2019-11-23 09:41:19,194 - Using logger class org.apache.velocity.runtime.log.SimpleLog4JLogSystem
2019-11-23 09:41:19,195 - Default ResourceManager initializing. (class org.apache.velocity.runtime.resource.ResourceManagerImpl)
2019-11-23 09:41:19,195 - Resource Loader Instantiated: org.apache.velocity.runtime.resource.loader.ClasspathResourceLoader
2019-11-23 09:41:19,195 - ClasspathResourceLoader : initialization starting.
2019-11-23 09:41:19,195 - ClasspathResourceLoader : initialization complete.
2019-11-23 09:41:19,198 - ResourceCache : initialized. (class org.apache.velocity.runtime.resource.ResourceCacheImpl)
2019-11-23 09:41:19,198 - Default ResourceManager initialization complete.
2019-11-23 09:41:19,199 - Loaded System Directive: org.apache.velocity.runtime.directive.Literal
2019-11-23 09:41:19,200 - Loaded System Directive: org.apache.velocity.runtime.directive.Macro
2019-11-23 09:41:19,201 - Loaded System Directive: org.apache.velocity.runtime.directive.Parse
2019-11-23 09:41:19,203 - Loaded System Directive: org.apache.velocity.runtime.directive.Include
2019-11-23 09:41:19,203 - Loaded System Directive: org.apache.velocity.runtime.directive.Foreach
2019-11-23 09:41:19,219 - Created: 20 parsers.
2019-11-23 09:41:19,222 - Velocimacro : initialization starting.
2019-11-23 09:41:19,222 - Velocimacro : adding VMs from VM library template : VM_global_library.vm
2019-11-23 09:41:19,222 - ResourceManager : unable to find resource 'VM_global_library.vm' in any resource loader.
2019-11-23 09:41:19,222 - Velocimacro : error using  VM library template VM_global_library.vm : org.apache.velocity.exception.ResourceNotFoundException: Unable to find resource 'VM_global_library.vm'
2019-11-23 09:41:19,222 - Velocimacro :  VM library template macro registration complete.
2019-11-23 09:41:19,222 - Velocimacro : allowInline = true : VMs can be defined inline in templates
2019-11-23 09:41:19,222 - Velocimacro : allowInlineToOverride = false : VMs defined inline may NOT replace previous VM definitions
2019-11-23 09:41:19,222 - Velocimacro : allowInlineLocal = false : VMs defined inline will be  global in scope if allowed.
2019-11-23 09:41:19,222 - Velocimacro : messages on  : VM system will output logging messages
2019-11-23 09:41:19,222 - Velocimacro : autoload off  : VM system will not automatically reload global library macros
2019-11-23 09:41:19,222 - Velocimacro : initialization complete.
2019-11-23 09:41:19,222 - Velocity successfully started.
2019-11-25 17:57:52,097 - SimpleLog4JLogSystem initialized using logfile 'velocity.log'
2019-11-25 17:57:52,098 - ************************************************************** 
2019-11-25 17:57:52,098 - Starting Jakarta Velocity v1.4
2019-11-25 17:57:52,098 - RuntimeInstance initializing.
2019-11-25 17:57:52,098 - Default Properties File: org\apache\velocity\runtime\defaults\velocity.properties
2019-11-25 17:57:52,098 - Trying to use logger class org.apache.velocity.runtime.log.SimpleLog4JLogSystem
2019-11-25 17:57:52,098 - Using logger class org.apache.velocity.runtime.log.SimpleLog4JLogSystem
2019-11-25 17:57:52,099 - Default ResourceManager initializing. (class org.apache.velocity.runtime.resource.ResourceManagerImpl)
2019-11-25 17:57:52,101 - Resource Loader Instantiated: org.apache.velocity.runtime.resource.loader.ClasspathResourceLoader
2019-11-25 17:57:52,101 - ClasspathResourceLoader : initialization starting.
2019-11-25 17:57:52,101 - ClasspathResourceLoader : initialization complete.
2019-11-25 17:57:52,101 - ResourceCache : initialized. (class org.apache.velocity.runtime.resource.ResourceCacheImpl)
2019-11-25 17:57:52,101 - Default ResourceManager initialization complete.
2019-11-25 17:57:52,103 - Loaded System Directive: org.apache.velocity.runtime.directive.Literal
2019-11-25 17:57:52,104 - Loaded System Directive: org.apache.velocity.runtime.directive.Macro
2019-11-25 17:57:52,105 - Loaded System Directive: org.apache.velocity.runtime.directive.Parse
2019-11-25 17:57:52,106 - Loaded System Directive: org.apache.velocity.runtime.directive.Include
2019-11-25 17:57:52,106 - Loaded System Directive: org.apache.velocity.runtime.directive.Foreach
2019-11-25 17:57:52,121 - Created: 20 parsers.
2019-11-25 17:57:52,124 - Velocimacro : initialization starting.
2019-11-25 17:57:52,124 - Velocimacro : adding VMs from VM library template : VM_global_library.vm
2019-11-25 17:57:52,126 - ResourceManager : unable to find resource 'VM_global_library.vm' in any resource loader.
2019-11-25 17:57:52,126 - Velocimacro : error using  VM library template VM_global_library.vm : org.apache.velocity.exception.ResourceNotFoundException: Unable to find resource 'VM_global_library.vm'
2019-11-25 17:57:52,126 - Velocimacro :  VM library template macro registration complete.
2019-11-25 17:57:52,126 - Velocimacro : allowInline = true : VMs can be defined inline in templates
2019-11-25 17:57:52,126 - Velocimacro : allowInlineToOverride = false : VMs defined inline may NOT replace previous VM definitions
2019-11-25 17:57:52,126 - Velocimacro : allowInlineLocal = false : VMs defined inline will be  global in scope if allowed.
2019-11-25 17:57:52,126 - Velocimacro : messages on  : VM system will output logging messages
2019-11-25 17:57:52,126 - Velocimacro : autoload off  : VM system will not automatically reload global library macros
2019-11-25 17:57:52,126 - Velocimacro : initialization complete.
2019-11-25 17:57:52,126 - Velocity successfully started.
2019-11-25 18:06:32,345 - SimpleLog4JLogSystem initialized using logfile 'velocity.log'
2019-11-25 18:06:32,345 - ************************************************************** 
2019-11-25 18:06:32,345 - Starting Jakarta Velocity v1.4
2019-11-25 18:06:32,345 - RuntimeInstance initializing.
2019-11-25 18:06:32,345 - Default Properties File: org\apache\velocity\runtime\defaults\velocity.properties
2019-11-25 18:06:32,345 - Trying to use logger class org.apache.velocity.runtime.log.SimpleLog4JLogSystem
2019-11-25 18:06:32,345 - Using logger class org.apache.velocity.runtime.log.SimpleLog4JLogSystem
2019-11-25 18:06:32,347 - Default ResourceManager initializing. (class org.apache.velocity.runtime.resource.ResourceManagerImpl)
2019-11-25 18:06:32,348 - Resource Loader Instantiated: org.apache.velocity.runtime.resource.loader.ClasspathResourceLoader
2019-11-25 18:06:32,348 - ClasspathResourceLoader : initialization starting.
2019-11-25 18:06:32,348 - ClasspathResourceLoader : initialization complete.
2019-11-25 18:06:32,349 - ResourceCache : initialized. (class org.apache.velocity.runtime.resource.ResourceCacheImpl)
2019-11-25 18:06:32,349 - Default ResourceManager initialization complete.
2019-11-25 18:06:32,350 - Loaded System Directive: org.apache.velocity.runtime.directive.Literal
2019-11-25 18:06:32,351 - Loaded System Directive: org.apache.velocity.runtime.directive.Macro
2019-11-25 18:06:32,352 - Loaded System Directive: org.apache.velocity.runtime.directive.Parse
2019-11-25 18:06:32,353 - Loaded System Directive: org.apache.velocity.runtime.directive.Include
2019-11-25 18:06:32,354 - Loaded System Directive: org.apache.velocity.runtime.directive.Foreach
2019-11-25 18:06:32,370 - Created: 20 parsers.
2019-11-25 18:06:32,372 - Velocimacro : initialization starting.
2019-11-25 18:06:32,373 - Velocimacro : adding VMs from VM library template : VM_global_library.vm
2019-11-25 18:06:32,374 - ResourceManager : unable to find resource 'VM_global_library.vm' in any resource loader.
2019-11-25 18:06:32,375 - Velocimacro : error using  VM library template VM_global_library.vm : org.apache.velocity.exception.ResourceNotFoundException: Unable to find resource 'VM_global_library.vm'
2019-11-25 18:06:32,375 - Velocimacro :  VM library template macro registration complete.
2019-11-25 18:06:32,375 - Velocimacro : allowInline = true : VMs can be defined inline in templates
2019-11-25 18:06:32,375 - Velocimacro : allowInlineToOverride = false : VMs defined inline may NOT replace previous VM definitions
2019-11-25 18:06:32,375 - Velocimacro : allowInlineLocal = false : VMs defined inline will be  global in scope if allowed.
2019-11-25 18:06:32,375 - Velocimacro : messages on  : VM system will output logging messages
2019-11-25 18:06:32,375 - Velocimacro : autoload off  : VM system will not automatically reload global library macros
2019-11-25 18:06:32,375 - Velocimacro : initialization complete.
2019-11-25 18:06:32,375 - Velocity successfully started.
2019-11-25 18:07:09,356 - SimpleLog4JLogSystem initialized using logfile 'velocity.log'
2019-11-25 18:07:09,356 - ************************************************************** 
2019-11-25 18:07:09,356 - Starting Jakarta Velocity v1.4
2019-11-25 18:07:09,356 - RuntimeInstance initializing.
2019-11-25 18:07:09,356 - Default Properties File: org\apache\velocity\runtime\defaults\velocity.properties
2019-11-25 18:07:09,356 - Trying to use logger class org.apache.velocity.runtime.log.SimpleLog4JLogSystem
2019-11-25 18:07:09,356 - Using logger class org.apache.velocity.runtime.log.SimpleLog4JLogSystem
2019-11-25 18:07:09,358 - Default ResourceManager initializing. (class org.apache.velocity.runtime.resource.ResourceManagerImpl)
2019-11-25 18:07:09,361 - Resource Loader Instantiated: org.apache.velocity.runtime.resource.loader.ClasspathResourceLoader
2019-11-25 18:07:09,361 - ClasspathResourceLoader : initialization starting.
2019-11-25 18:07:09,361 - ClasspathResourceLoader : initialization complete.
2019-11-25 18:07:09,362 - ResourceCache : initialized. (class org.apache.velocity.runtime.resource.ResourceCacheImpl)
2019-11-25 18:07:09,362 - Default ResourceManager initialization complete.
2019-11-25 18:07:09,363 - Loaded System Directive: org.apache.velocity.runtime.directive.Literal
2019-11-25 18:07:09,365 - Loaded System Directive: org.apache.velocity.runtime.directive.Macro
2019-11-25 18:07:09,366 - Loaded System Directive: org.apache.velocity.runtime.directive.Parse
2019-11-25 18:07:09,368 - Loaded System Directive: org.apache.velocity.runtime.directive.Include
2019-11-25 18:07:09,369 - Loaded System Directive: org.apache.velocity.runtime.directive.Foreach
2019-11-25 18:07:09,392 - Created: 20 parsers.
2019-11-25 18:07:09,396 - Velocimacro : initialization starting.
2019-11-25 18:07:09,396 - Velocimacro : adding VMs from VM library template : VM_global_library.vm
2019-11-25 18:07:09,399 - ResourceManager : unable to find resource 'VM_global_library.vm' in any resource loader.
2019-11-25 18:07:09,399 - Velocimacro : error using  VM library template VM_global_library.vm : org.apache.velocity.exception.ResourceNotFoundException: Unable to find resource 'VM_global_library.vm'
2019-11-25 18:07:09,399 - Velocimacro :  VM library template macro registration complete.
2019-11-25 18:07:09,399 - Velocimacro : allowInline = true : VMs can be defined inline in templates
2019-11-25 18:07:09,399 - Velocimacro : allowInlineToOverride = false : VMs defined inline may NOT replace previous VM definitions
2019-11-25 18:07:09,399 - Velocimacro : allowInlineLocal = false : VMs defined inline will be  global in scope if allowed.
2019-11-25 18:07:09,399 - Velocimacro : messages on  : VM system will output logging messages
2019-11-25 18:07:09,399 - Velocimacro : autoload off  : VM system will not automatically reload global library macros
2019-11-25 18:07:09,399 - Velocimacro : initialization complete.
2019-11-25 18:07:09,399 - Velocity successfully started.
2019-11-25 18:11:09,887 - SimpleLog4JLogSystem initialized using logfile 'velocity.log'
2019-11-25 18:11:09,888 - ************************************************************** 
2019-11-25 18:11:09,888 - Starting Jakarta Velocity v1.4
2019-11-25 18:11:09,888 - RuntimeInstance initializing.
2019-11-25 18:11:09,888 - Default Properties File: org\apache\velocity\runtime\defaults\velocity.properties
2019-11-25 18:11:09,888 - Trying to use logger class org.apache.velocity.runtime.log.SimpleLog4JLogSystem
2019-11-25 18:11:09,888 - Using logger class org.apache.velocity.runtime.log.SimpleLog4JLogSystem
2019-11-25 18:11:09,889 - Default ResourceManager initializing. (class org.apache.velocity.runtime.resource.ResourceManagerImpl)
2019-11-25 18:11:09,890 - Resource Loader Instantiated: org.apache.velocity.runtime.resource.loader.ClasspathResourceLoader
2019-11-25 18:11:09,890 - ClasspathResourceLoader : initialization starting.
2019-11-25 18:11:09,890 - ClasspathResourceLoader : initialization complete.
2019-11-25 18:11:09,891 - ResourceCache : initialized. (class org.apache.velocity.runtime.resource.ResourceCacheImpl)
2019-11-25 18:11:09,891 - Default ResourceManager initialization complete.
2019-11-25 18:11:09,892 - Loaded System Directive: org.apache.velocity.runtime.directive.Literal
2019-11-25 18:11:09,893 - Loaded System Directive: org.apache.velocity.runtime.directive.Macro
2019-11-25 18:11:09,894 - Loaded System Directive: org.apache.velocity.runtime.directive.Parse
2019-11-25 18:11:09,895 - Loaded System Directive: org.apache.velocity.runtime.directive.Include
2019-11-25 18:11:09,895 - Loaded System Directive: org.apache.velocity.runtime.directive.Foreach
2019-11-25 18:11:09,909 - Created: 20 parsers.
2019-11-25 18:11:09,913 - Velocimacro : initialization starting.
2019-11-25 18:11:09,913 - Velocimacro : adding VMs from VM library template : VM_global_library.vm
2019-11-25 18:11:09,915 - ResourceManager : unable to find resource 'VM_global_library.vm' in any resource loader.
2019-11-25 18:11:09,915 - Velocimacro : error using  VM library template VM_global_library.vm : org.apache.velocity.exception.ResourceNotFoundException: Unable to find resource 'VM_global_library.vm'
2019-11-25 18:11:09,915 - Velocimacro :  VM library template macro registration complete.
2019-11-25 18:11:09,915 - Velocimacro : allowInline = true : VMs can be defined inline in templates
2019-11-25 18:11:09,915 - Velocimacro : allowInlineToOverride = false : VMs defined inline may NOT replace previous VM definitions
2019-11-25 18:11:09,915 - Velocimacro : allowInlineLocal = false : VMs defined inline will be  global in scope if allowed.
2019-11-25 18:11:09,915 - Velocimacro : messages on  : VM system will output logging messages
2019-11-25 18:11:09,915 - Velocimacro : autoload off  : VM system will not automatically reload global library macros
2019-11-25 18:11:09,915 - Velocimacro : initialization complete.
2019-11-25 18:11:09,915 - Velocity successfully started.
2019-11-25 18:11:34,129 - SimpleLog4JLogSystem initialized using logfile 'velocity.log'
2019-11-25 18:11:34,130 - ************************************************************** 
2019-11-25 18:11:34,130 - Starting Jakarta Velocity v1.4
2019-11-25 18:11:34,130 - RuntimeInstance initializing.
2019-11-25 18:11:34,130 - Default Properties File: org\apache\velocity\runtime\defaults\velocity.properties
2019-11-25 18:11:34,130 - Trying to use logger class org.apache.velocity.runtime.log.SimpleLog4JLogSystem
2019-11-25 18:11:34,130 - Using logger class org.apache.velocity.runtime.log.SimpleLog4JLogSystem
2019-11-25 18:11:34,131 - Default ResourceManager initializing. (class org.apache.velocity.runtime.resource.ResourceManagerImpl)
2019-11-25 18:11:34,133 - Resource Loader Instantiated: org.apache.velocity.runtime.resource.loader.ClasspathResourceLoader
2019-11-25 18:11:34,133 - ClasspathResourceLoader : initialization starting.
2019-11-25 18:11:34,133 - ClasspathResourceLoader : initialization complete.
2019-11-25 18:11:34,134 - ResourceCache : initialized. (class org.apache.velocity.runtime.resource.ResourceCacheImpl)
2019-11-25 18:11:34,134 - Default ResourceManager initialization complete.
2019-11-25 18:11:34,135 - Loaded System Directive: org.apache.velocity.runtime.directive.Literal
2019-11-25 18:11:34,135 - Loaded System Directive: org.apache.velocity.runtime.directive.Macro
2019-11-25 18:11:34,137 - Loaded System Directive: org.apache.velocity.runtime.directive.Parse
2019-11-25 18:11:34,138 - Loaded System Directive: org.apache.velocity.runtime.directive.Include
2019-11-25 18:11:34,138 - Loaded System Directive: org.apache.velocity.runtime.directive.Foreach
2019-11-25 18:11:34,154 - Created: 20 parsers.
2019-11-25 18:11:34,157 - Velocimacro : initialization starting.
2019-11-25 18:11:34,157 - Velocimacro : adding VMs from VM library template : VM_global_library.vm
2019-11-25 18:11:34,159 - ResourceManager : unable to find resource 'VM_global_library.vm' in any resource loader.
2019-11-25 18:11:34,159 - Velocimacro : error using  VM library template VM_global_library.vm : org.apache.velocity.exception.ResourceNotFoundException: Unable to find resource 'VM_global_library.vm'
2019-11-25 18:11:34,159 - Velocimacro :  VM library template macro registration complete.
2019-11-25 18:11:34,159 - Velocimacro : allowInline = true : VMs can be defined inline in templates
2019-11-25 18:11:34,159 - Velocimacro : allowInlineToOverride = false : VMs defined inline may NOT replace previous VM definitions
2019-11-25 18:11:34,159 - Velocimacro : allowInlineLocal = false : VMs defined inline will be  global in scope if allowed.
2019-11-25 18:11:34,159 - Velocimacro : messages on  : VM system will output logging messages
2019-11-25 18:11:34,159 - Velocimacro : autoload off  : VM system will not automatically reload global library macros
2019-11-25 18:11:34,159 - Velocimacro : initialization complete.
2019-11-25 18:11:34,159 - Velocity successfully started.
2019-11-25 18:21:58,897 - SimpleLog4JLogSystem initialized using logfile 'velocity.log'
2019-11-25 18:21:58,897 - ************************************************************** 
2019-11-25 18:21:58,897 - Starting Jakarta Velocity v1.4
2019-11-25 18:21:58,897 - RuntimeInstance initializing.
2019-11-25 18:21:58,897 - Default Properties File: org\apache\velocity\runtime\defaults\velocity.properties
2019-11-25 18:21:58,897 - Trying to use logger class org.apache.velocity.runtime.log.SimpleLog4JLogSystem
2019-11-25 18:21:58,897 - Using logger class org.apache.velocity.runtime.log.SimpleLog4JLogSystem
2019-11-25 18:21:58,899 - Default ResourceManager initializing. (class org.apache.velocity.runtime.resource.ResourceManagerImpl)
2019-11-25 18:21:58,900 - Resource Loader Instantiated: org.apache.velocity.runtime.resource.loader.ClasspathResourceLoader
2019-11-25 18:21:58,900 - ClasspathResourceLoader : initialization starting.
2019-11-25 18:21:58,900 - ClasspathResourceLoader : initialization complete.
2019-11-25 18:21:58,902 - ResourceCache : initialized. (class org.apache.velocity.runtime.resource.ResourceCacheImpl)
2019-11-25 18:21:58,902 - Default ResourceManager initialization complete.
2019-11-25 18:21:58,902 - Loaded System Directive: org.apache.velocity.runtime.directive.Literal
2019-11-25 18:21:58,903 - Loaded System Directive: org.apache.velocity.runtime.directive.Macro
2019-11-25 18:21:58,905 - Loaded System Directive: org.apache.velocity.runtime.directive.Parse
2019-11-25 18:21:58,905 - Loaded System Directive: org.apache.velocity.runtime.directive.Include
2019-11-25 18:21:58,906 - Loaded System Directive: org.apache.velocity.runtime.directive.Foreach
2019-11-25 18:21:58,921 - Created: 20 parsers.
2019-11-25 18:21:58,924 - Velocimacro : initialization starting.
2019-11-25 18:21:58,925 - Velocimacro : adding VMs from VM library template : VM_global_library.vm
2019-11-25 18:21:58,926 - ResourceManager : unable to find resource 'VM_global_library.vm' in any resource loader.
2019-11-25 18:21:58,926 - Velocimacro : error using  VM library template VM_global_library.vm : org.apache.velocity.exception.ResourceNotFoundException: Unable to find resource 'VM_global_library.vm'
2019-11-25 18:21:58,927 - Velocimacro :  VM library template macro registration complete.
2019-11-25 18:21:58,927 - Velocimacro : allowInline = true : VMs can be defined inline in templates
2019-11-25 18:21:58,927 - Velocimacro : allowInlineToOverride = false : VMs defined inline may NOT replace previous VM definitions
2019-11-25 18:21:58,927 - Velocimacro : allowInlineLocal = false : VMs defined inline will be  global in scope if allowed.
2019-11-25 18:21:58,927 - Velocimacro : messages on  : VM system will output logging messages
2019-11-25 18:21:58,927 - Velocimacro : autoload off  : VM system will not automatically reload global library macros
2019-11-25 18:21:58,927 - Velocimacro : initialization complete.
2019-11-25 18:21:58,927 - Velocity successfully started.
